<?xml version="1.0" encoding="UTF-8"?>
<!-- Generated by org.testng.reporters.JUnitXMLReporter -->
<testsuite hostname="asd1539po01976" name="Default test" tests="3" failures="0" timestamp="4 Jul 2016 09:30:57 GMT" time="60.967" errors="0">
  <testcase name="@BeforeTest beforetest" time="0.0" classname="Tess.AutomateGithub">
    <failure type="java.io.FileNotFoundException" message="/home/abdullatsleem/Downloads/cm1.sh (No such file or directory)">
      <![CDATA[java.io.FileNotFoundException: /home/abdullatsleem/Downloads/cm1.sh (No such file or directory)
	at java.io.FileOutputStream.open(Native Method)
	at java.io.FileOutputStream.<init>(FileOutputStream.java:221)
	at java.io.FileOutputStream.<init>(FileOutputStream.java:171)
	at java.io.FileWriter.<init>(FileWriter.java:90)
	at Tess.AutomateGithub.uploader(AutomateGithub.java:289)
	at Tess.AutomateGithub.beforetest(AutomateGithub.java:124)
	at sun.reflect.NativeMethodAccessorImpl.invoke0(Native Method)
	at sun.reflect.NativeMethodAccessorImpl.invoke(NativeMethodAccessorImpl.java:57)
	at sun.reflect.DelegatingMethodAccessorImpl.invoke(DelegatingMethodAccessorImpl.java:43)
	at java.lang.reflect.Method.invoke(Method.java:606)
	at org.testng.internal.MethodInvocationHelper.invokeMethod(MethodInvocationHelper.java:85)
	at org.testng.internal.Invoker.invokeConfigurationMethod(Invoker.java:510)
	at org.testng.internal.Invoker.invokeConfigurations(Invoker.java:211)
	at org.testng.internal.Invoker.invokeConfigurations(Invoker.java:138)
	at org.testng.TestRunner.beforeRun(TestRunner.java:648)
	at org.testng.TestRunner.run(TestRunner.java:616)
	at org.testng.SuiteRunner.runTest(SuiteRunner.java:359)
	at org.testng.SuiteRunner.runSequentially(SuiteRunner.java:354)
	at org.testng.SuiteRunner.privateRun(SuiteRunner.java:312)
	at org.testng.SuiteRunner.run(SuiteRunner.java:261)
	at org.testng.SuiteRunnerWorker.runSuite(SuiteRunnerWorker.java:52)
	at org.testng.SuiteRunnerWorker.run(SuiteRunnerWorker.java:86)
	at org.testng.TestNG.runSuitesSequentially(TestNG.java:1215)
	at org.testng.TestNG.runSuitesLocally(TestNG.java:1140)
	at org.testng.TestNG.run(TestNG.java:1048)
	at org.testng.remote.AbstractRemoteTestNG.run(AbstractRemoteTestNG.java:126)
	at org.testng.remote.RemoteTestNG.initAndRun(RemoteTestNG.java:137)
	at org.testng.remote.RemoteTestNG.main(RemoteTestNG.java:58)
]]>
    </failure>
  </testcase> <!-- @BeforeTest beforetest -->
  <testcase name="testOne" time="0.002" classname="Tess.AutomateGithub">
    <skipped/>
  </testcase> <!-- testOne -->
  <testcase name="testThree" time="0.002" classname="Tess.AutomateGithub">
    <skipped/>
  </testcase> <!-- testThree -->
  <testcase name="testTwo" time="0.002" classname="Tess.AutomateGithub">
    <skipped/>
  </testcase> <!-- testTwo -->
</testsuite> <!-- Default test -->
