<!DOCTYPE html PUBLIC "-//W3C//DTD XHTML 1.1//EN" "http://www.w3.org/TR/xhtml11/DTD/xhtml11.dtd">
<html xmlns="http://www.w3.org/1999/xhtml"><head><title>TestNG Report</title><style type="text/css">table {margin-bottom:10px;border-collapse:collapse;empty-cells:show}th,td {border:1px solid #009;padding:.25em .5em}th {vertical-align:bottom}td {vertical-align:top}table a {font-weight:bold}.stripe td {background-color: #E6EBF9}.num {text-align:right}.passedodd td {background-color: #3F3}.passedeven td {background-color: #0A0}.skippedodd td {background-color: #DDD}.skippedeven td {background-color: #CCC}.failedodd td,.attn {background-color: #F33}.failedeven td,.stripe .attn {background-color: #D00}.stacktrace {white-space:pre;font-family:monospace}.totop {font-size:85%;text-align:center;border-bottom:2px solid #000}</style></head><body><table><tr><th>Test</th><th># Passed</th><th># Skipped</th><th># Failed</th><th>Time (ms)</th><th>Included Groups</th><th>Excluded Groups</th></tr><tr><th colspan="7">Default suite</th></tr><tr><td><a href="#t0">Default test</a></td><td class="num">7</td><td class="num">0</td><td class="num attn">1</td><td class="num">10,478</td><td></td><td></td></tr></table><table><thead><tr><th>Class</th><th>Method</th><th>Start</th><th>Time (ms)</th></tr></thead><tbody><tr><th colspan="4">Default suite</th></tr></tbody><tbody id="t0"><tr><th colspan="4">Default test &#8212; failed</th></tr><tr class="failedeven"><td rowspan="1">BasicCourseTestNG</td><td><a href="#m0">generateCookies</a></td><td rowspan="1">1467091866862</td><td rowspan="1">131</td></tr><tr><th colspan="4">Default test &#8212; passed</th></tr><tr class="passedeven"><td rowspan="7">BasicCourseTestNG</td><td><a href="#m1">boxColorChange</a></td><td rowspan="1">1467091860837</td><td rowspan="1">4100</td></tr><tr class="passedeven"><td><a href="#m2">clickBasicCourse</a></td><td rowspan="1">1467091860600</td><td rowspan="1">114</td></tr><tr class="passedeven"><td><a href="#m3">click_Tatoc_Link</a></td><td rowspan="1">1467091860479</td><td rowspan="1">117</td></tr><tr class="passedeven"><td><a href="#m4">dragAndDrop</a></td><td rowspan="1">1467091864941</td><td rowspan="1">127</td></tr><tr class="passedeven"><td><a href="#m5">gridGate</a></td><td rowspan="1">1467091860716</td><td rowspan="1">117</td></tr><tr class="passedeven"><td><a href="#m6">launchWindow</a></td><td rowspan="1">1467091865071</td><td rowspan="1">1788</td></tr><tr class="passedeven"><td><a href="#m7">testHomePageTitle</a></td><td rowspan="1">1467091860458</td><td rowspan="1">15</td></tr></tbody></table><h2>Default test</h2><h3 id="m0">BasicCourseTestNG#generateCookies</h3><table class="result"><tr><th>Exception</th></tr><tr><td><div class="stacktrace">org.openqa.selenium.WebDriverException: identifier starts immediately after numeric literal
Command duration or timeout: 6 milliseconds
Build info: version: &apos;2.53.0&apos;, revision: &apos;35ae25b&apos;, time: &apos;2016-03-15 17:00:58&apos;
System info: host: &apos;asd1539po01976&apos;, ip: &apos;127.0.1.1&apos;, os.name: &apos;Linux&apos;, os.arch: &apos;amd64&apos;, os.version: &apos;3.13.0-24-generic&apos;, java.version: &apos;1.7.0_101&apos;
Session ID: ccc2f671-501f-426f-a907-67e04e36f1fe
Driver info: org.openqa.selenium.firefox.FirefoxDriver
Capabilities [{platform=LINUX, acceptSslCerts=true, javascriptEnabled=true, cssSelectorsEnabled=true, databaseEnabled=true, browserName=firefox, handlesAlerts=true, browserConnectionEnabled=true, nativeEvents=false, webStorageEnabled=true, rotatable=false, locationContextEnabled=true, applicationCacheEnabled=true, takesScreenshot=true, version=28.0}]
	at sun.reflect.NativeConstructorAccessorImpl.newInstance0(Native Method)
	at sun.reflect.NativeConstructorAccessorImpl.newInstance(NativeConstructorAccessorImpl.java:57)
	at sun.reflect.DelegatingConstructorAccessorImpl.newInstance(DelegatingConstructorAccessorImpl.java:45)
	at java.lang.reflect.Constructor.newInstance(Constructor.java:526)
	at org.openqa.selenium.remote.ErrorHandler.createThrowable(ErrorHandler.java:206)
	at org.openqa.selenium.remote.ErrorHandler.throwIfResponseFailed(ErrorHandler.java:158)
	at org.openqa.selenium.remote.RemoteWebDriver.execute(RemoteWebDriver.java:678)
	at org.openqa.selenium.remote.RemoteWebDriver.executeScript(RemoteWebDriver.java:577)
	at BasicCourseTestNG.generateCookies(BasicCourseTestNG.java:129)
	at sun.reflect.NativeMethodAccessorImpl.invoke0(Native Method)
	at sun.reflect.NativeMethodAccessorImpl.invoke(NativeMethodAccessorImpl.java:57)
	at sun.reflect.DelegatingMethodAccessorImpl.invoke(DelegatingMethodAccessorImpl.java:43)
	at java.lang.reflect.Method.invoke(Method.java:606)
	at org.testng.internal.MethodInvocationHelper.invokeMethod(MethodInvocationHelper.java:86)
	at org.testng.internal.Invoker.invokeMethod(Invoker.java:646)
	at org.testng.internal.Invoker.invokeTestMethod(Invoker.java:823)
	at org.testng.internal.Invoker.invokeTestMethods(Invoker.java:1131)
	at org.testng.internal.TestMethodWorker.invokeTestMethods(TestMethodWorker.java:129)
	at org.testng.internal.TestMethodWorker.run(TestMethodWorker.java:112)
	at org.testng.TestRunner.privateRun(TestRunner.java:778)
	at org.testng.TestRunner.run(TestRunner.java:632)
	at org.testng.SuiteRunner.runTest(SuiteRunner.java:366)
	at org.testng.SuiteRunner.runSequentially(SuiteRunner.java:361)
	at org.testng.SuiteRunner.privateRun(SuiteRunner.java:319)
	at org.testng.SuiteRunner.run(SuiteRunner.java:268)
	at org.testng.SuiteRunnerWorker.runSuite(SuiteRunnerWorker.java:52)
	at org.testng.SuiteRunnerWorker.run(SuiteRunnerWorker.java:86)
	at org.testng.TestNG.runSuitesSequentially(TestNG.java:1225)
	at org.testng.TestNG.runSuitesLocally(TestNG.java:1150)
	at org.testng.TestNG.runSuites(TestNG.java:1075)
	at org.testng.TestNG.run(TestNG.java:1047)
	at org.testng.remote.AbstractRemoteTestNG.run(AbstractRemoteTestNG.java:126)
	at org.testng.remote.RemoteTestNG.initAndRun(RemoteTestNG.java:137)
	at org.testng.remote.RemoteTestNG.main(RemoteTestNG.java:58)
Caused by: org.openqa.selenium.WebDriverException: identifier starts immediately after numeric literal
Build info: version: &apos;2.53.0&apos;, revision: &apos;35ae25b&apos;, time: &apos;2016-03-15 17:00:58&apos;
System info: host: &apos;asd1539po01976&apos;, ip: &apos;127.0.1.1&apos;, os.name: &apos;Linux&apos;, os.arch: &apos;amd64&apos;, os.version: &apos;3.13.0-24-generic&apos;, java.version: &apos;1.7.0_101&apos;
Driver info: driver.version: unknown
	at &lt;anonymous class&gt;.handleEvaluateEvent(http://10.0.1.86/tatoc/basic/cookie:68)
</div></td></tr></table><p class="totop"><a href="#summary">back to summary</a></p><h3 id="m1">BasicCourseTestNG#boxColorChange</h3><table class="result"></table><p class="totop"><a href="#summary">back to summary</a></p><h3 id="m2">BasicCourseTestNG#clickBasicCourse</h3><table class="result"></table><p class="totop"><a href="#summary">back to summary</a></p><h3 id="m3">BasicCourseTestNG#click_Tatoc_Link</h3><table class="result"></table><p class="totop"><a href="#summary">back to summary</a></p><h3 id="m4">BasicCourseTestNG#dragAndDrop</h3><table class="result"></table><p class="totop"><a href="#summary">back to summary</a></p><h3 id="m5">BasicCourseTestNG#gridGate</h3><table class="result"></table><p class="totop"><a href="#summary">back to summary</a></p><h3 id="m6">BasicCourseTestNG#launchWindow</h3><table class="result"></table><p class="totop"><a href="#summary">back to summary</a></p><h3 id="m7">BasicCourseTestNG#testHomePageTitle</h3><table class="result"></table><p class="totop"><a href="#summary">back to summary</a></p></body></html>