<?xml version="1.0" encoding="UTF-8"?>
<testng-results skipped="0" failed="1" total="8" passed="7">
  <reporter-output>
  </reporter-output>
  <suite name="Default suite" duration-ms="10478" started-at="2016-06-28T05:30:56Z" finished-at="2016-06-28T05:31:07Z">
    <groups>
    </groups>
    <test name="Default test" duration-ms="10478" started-at="2016-06-28T05:30:56Z" finished-at="2016-06-28T05:31:07Z">
      <class name="BasicCourseTestNG">
        <test-method status="PASS" signature="loadDrivers()[pri:0, instance:BasicCourseTestNG@673a26c2]" name="loadDrivers" is-config="true" duration-ms="3865" started-at="2016-06-28T11:00:56Z" finished-at="2016-06-28T11:01:00Z">
          <reporter-output>
          </reporter-output>
        </test-method> <!-- loadDrivers -->
        <test-method status="PASS" signature="testHomePageTitle()[pri:0, instance:BasicCourseTestNG@673a26c2]" name="testHomePageTitle" duration-ms="15" started-at="2016-06-28T11:01:00Z" finished-at="2016-06-28T11:01:00Z">
          <reporter-output>
          </reporter-output>
        </test-method> <!-- testHomePageTitle -->
        <test-method status="PASS" signature="click_Tatoc_Link()[pri:1, instance:BasicCourseTestNG@673a26c2]" name="click_Tatoc_Link" duration-ms="117" started-at="2016-06-28T11:01:00Z" finished-at="2016-06-28T11:01:00Z">
          <reporter-output>
          </reporter-output>
        </test-method> <!-- click_Tatoc_Link -->
        <test-method status="PASS" signature="clickBasicCourse()[pri:0, instance:BasicCourseTestNG@673a26c2]" name="clickBasicCourse" duration-ms="114" started-at="2016-06-28T11:01:00Z" depends-on-methods="BasicCourseTestNG.click_Tatoc_Link" finished-at="2016-06-28T11:01:00Z">
          <reporter-output>
          </reporter-output>
        </test-method> <!-- clickBasicCourse -->
        <test-method status="PASS" signature="gridGate()[pri:0, instance:BasicCourseTestNG@673a26c2]" name="gridGate" duration-ms="117" started-at="2016-06-28T11:01:00Z" depends-on-methods="BasicCourseTestNG.clickBasicCourse" finished-at="2016-06-28T11:01:00Z">
          <reporter-output>
          </reporter-output>
        </test-method> <!-- gridGate -->
        <test-method status="PASS" signature="boxColorChange()[pri:0, instance:BasicCourseTestNG@673a26c2]" name="boxColorChange" duration-ms="4100" started-at="2016-06-28T11:01:00Z" depends-on-methods="BasicCourseTestNG.gridGate" finished-at="2016-06-28T11:01:04Z">
          <reporter-output>
          </reporter-output>
        </test-method> <!-- boxColorChange -->
        <test-method status="PASS" signature="dragAndDrop()[pri:0, instance:BasicCourseTestNG@673a26c2]" name="dragAndDrop" duration-ms="127" started-at="2016-06-28T11:01:04Z" depends-on-methods="BasicCourseTestNG.boxColorChange" finished-at="2016-06-28T11:01:05Z">
          <reporter-output>
          </reporter-output>
        </test-method> <!-- dragAndDrop -->
        <test-method status="PASS" signature="launchWindow()[pri:6, instance:BasicCourseTestNG@673a26c2]" name="launchWindow" duration-ms="1788" started-at="2016-06-28T11:01:05Z" finished-at="2016-06-28T11:01:06Z">
          <reporter-output>
          </reporter-output>
        </test-method> <!-- launchWindow -->
        <test-method status="FAIL" signature="generateCookies()[pri:7, instance:BasicCourseTestNG@673a26c2]" name="generateCookies" duration-ms="131" started-at="2016-06-28T11:01:06Z" finished-at="2016-06-28T11:01:06Z">
          <exception class="org.openqa.selenium.WebDriverException">
            <message>
              <![CDATA[identifier starts immediately after numeric literal
Command duration or timeout: 6 milliseconds
Build info: version: '2.53.0', revision: '35ae25b', time: '2016-03-15 17:00:58'
System info: host: 'asd1539po01976', ip: '127.0.1.1', os.name: 'Linux', os.arch: 'amd64', os.version: '3.13.0-24-generic', java.version: '1.7.0_101'
Session ID: ccc2f671-501f-426f-a907-67e04e36f1fe
Driver info: org.openqa.selenium.firefox.FirefoxDriver
Capabilities [{platform=LINUX, acceptSslCerts=true, javascriptEnabled=true, cssSelectorsEnabled=true, databaseEnabled=true, browserName=firefox, handlesAlerts=true, browserConnectionEnabled=true, nativeEvents=false, webStorageEnabled=true, rotatable=false, locationContextEnabled=true, applicationCacheEnabled=true, takesScreenshot=true, version=28.0}]]]>
            </message>
            <full-stacktrace>
              <![CDATA[org.openqa.selenium.WebDriverException: identifier starts immediately after numeric literal
Command duration or timeout: 6 milliseconds
Build info: version: '2.53.0', revision: '35ae25b', time: '2016-03-15 17:00:58'
System info: host: 'asd1539po01976', ip: '127.0.1.1', os.name: 'Linux', os.arch: 'amd64', os.version: '3.13.0-24-generic', java.version: '1.7.0_101'
Session ID: ccc2f671-501f-426f-a907-67e04e36f1fe
Driver info: org.openqa.selenium.firefox.FirefoxDriver
Capabilities [{platform=LINUX, acceptSslCerts=true, javascriptEnabled=true, cssSelectorsEnabled=true, databaseEnabled=true, browserName=firefox, handlesAlerts=true, browserConnectionEnabled=true, nativeEvents=false, webStorageEnabled=true, rotatable=false, locationContextEnabled=true, applicationCacheEnabled=true, takesScreenshot=true, version=28.0}]
	at sun.reflect.NativeConstructorAccessorImpl.newInstance0(Native Method)
	at sun.reflect.NativeConstructorAccessorImpl.newInstance(NativeConstructorAccessorImpl.java:57)
	at sun.reflect.DelegatingConstructorAccessorImpl.newInstance(DelegatingConstructorAccessorImpl.java:45)
	at java.lang.reflect.Constructor.newInstance(Constructor.java:526)
	at org.openqa.selenium.remote.ErrorHandler.createThrowable(ErrorHandler.java:206)
	at org.openqa.selenium.remote.ErrorHandler.throwIfResponseFailed(ErrorHandler.java:158)
	at org.openqa.selenium.remote.RemoteWebDriver.execute(RemoteWebDriver.java:678)
	at org.openqa.selenium.remote.RemoteWebDriver.executeScript(RemoteWebDriver.java:577)
	at BasicCourseTestNG.generateCookies(BasicCourseTestNG.java:129)
	at sun.reflect.NativeMethodAccessorImpl.invoke0(Native Method)
	at sun.reflect.NativeMethodAccessorImpl.invoke(NativeMethodAccessorImpl.java:57)
	at sun.reflect.DelegatingMethodAccessorImpl.invoke(DelegatingMethodAccessorImpl.java:43)
	at java.lang.reflect.Method.invoke(Method.java:606)
	at org.testng.internal.MethodInvocationHelper.invokeMethod(MethodInvocationHelper.java:86)
	at org.testng.internal.Invoker.invokeMethod(Invoker.java:646)
	at org.testng.internal.Invoker.invokeTestMethod(Invoker.java:823)
	at org.testng.internal.Invoker.invokeTestMethods(Invoker.java:1131)
	at org.testng.internal.TestMethodWorker.invokeTestMethods(TestMethodWorker.java:129)
	at org.testng.internal.TestMethodWorker.run(TestMethodWorker.java:112)
	at org.testng.TestRunner.privateRun(TestRunner.java:778)
	at org.testng.TestRunner.run(TestRunner.java:632)
	at org.testng.SuiteRunner.runTest(SuiteRunner.java:366)
	at org.testng.SuiteRunner.runSequentially(SuiteRunner.java:361)
	at org.testng.SuiteRunner.privateRun(SuiteRunner.java:319)
	at org.testng.SuiteRunner.run(SuiteRunner.java:268)
	at org.testng.SuiteRunnerWorker.runSuite(SuiteRunnerWorker.java:52)
	at org.testng.SuiteRunnerWorker.run(SuiteRunnerWorker.java:86)
	at org.testng.TestNG.runSuitesSequentially(TestNG.java:1225)
	at org.testng.TestNG.runSuitesLocally(TestNG.java:1150)
	at org.testng.TestNG.runSuites(TestNG.java:1075)
	at org.testng.TestNG.run(TestNG.java:1047)
	at org.testng.remote.AbstractRemoteTestNG.run(AbstractRemoteTestNG.java:126)
	at org.testng.remote.RemoteTestNG.initAndRun(RemoteTestNG.java:137)
	at org.testng.remote.RemoteTestNG.main(RemoteTestNG.java:58)
Caused by: org.openqa.selenium.WebDriverException: identifier starts immediately after numeric literal
Build info: version: '2.53.0', revision: '35ae25b', time: '2016-03-15 17:00:58'
System info: host: 'asd1539po01976', ip: '127.0.1.1', os.name: 'Linux', os.arch: 'amd64', os.version: '3.13.0-24-generic', java.version: '1.7.0_101'
Driver info: driver.version: unknown
	at <anonymous class>.handleEvaluateEvent(http://10.0.1.86/tatoc/basic/cookie:68)
]]>
            </full-stacktrace>
          </exception> <!-- org.openqa.selenium.WebDriverException -->
          <reporter-output>
          </reporter-output>
        </test-method> <!-- generateCookies -->
        <test-method status="PASS" signature="unloadDriver()[pri:0, instance:BasicCourseTestNG@673a26c2]" name="unloadDriver" is-config="true" duration-ms="61" started-at="2016-06-28T11:01:06Z" finished-at="2016-06-28T11:01:07Z">
          <reporter-output>
          </reporter-output>
        </test-method> <!-- unloadDriver -->
      </class> <!-- BasicCourseTestNG -->
    </test> <!-- Default test -->
  </suite> <!-- Default suite -->
</testng-results>
